<?xml version="1.0" encoding="UTF-8"?>
<testsuites>
  <testsuite name="C:\diaszone\DiasZone\phpunit.xml" tests="1" assertions="3" errors="0" failures="1" skipped="0" time="2.634598">
    <testsuite name="Feature" tests="1" assertions="3" errors="0" failures="1" skipped="0" time="2.634598">
      <testsuite name="Tests\Feature\WeeklyPassUiAndOrderTest" file="C:\diaszone\DiasZone\tests\Feature\WeeklyPassUiAndOrderTest.php" tests="1" assertions="3" errors="0" failures="1" skipped="0" time="2.634598">
        <testcase name="test_weekly_pass_pack_shows_3x_badge_and_creates_order_with_quantity" file="C:\diaszone\DiasZone\tests\Feature\WeeklyPassUiAndOrderTest.php" line="14" class="Tests\Feature\WeeklyPassUiAndOrderTest" classname="Tests.Feature.WeeklyPassUiAndOrderTest" assertions="3" time="2.634598">
          <failure type="PHPUnit\Framework\ExpectationFailedException">Tests\Feature\WeeklyPassUiAndOrderTest::test_weekly_pass_pack_shows_3x_badge_and_creates_order_with_quantity&#13;
Weekly Pass badge span with bg-blue-600 not found
Failed asserting that '&lt;!DOCTYPE html&gt;\n
&lt;html lang="en" dir="ltr"&gt;\n
&lt;head&gt;\n
    &lt;meta charset="utf-8"&gt;\n
    &lt;meta name="viewport" content="width=device-width, initial-scale=1"&gt;\n
    &lt;meta name="csrf-token" content="olq7ZyTUyHwe6qhtrcTARY3guAulpnnXqdruZVws"&gt;\n
    \n
    &lt;title&gt;Mobile Legends - DiasZone&lt;/title&gt;\n
    \n
    &lt;!-- Favicon --&gt;\n
    &lt;link rel="icon" type="image/png" href="http://localhost/storage/images_homepage/favicon.png"&gt;\n
    \n
    &lt;!-- Google Fonts - Cairo --&gt;\n
    &lt;link rel="preconnect" href="https://fonts.googleapis.com"&gt;\n
    &lt;link rel="preconnect" href="https://fonts.gstatic.com" crossorigin&gt;\n
    &lt;link href="https://fonts.googleapis.com/css2?family=Cairo:wght@400;600;700;800;900&amp;display=swap" rel="stylesheet"&gt;\n
    \n
    &lt;!-- Vite Assets --&gt;\n
    &lt;link rel="preload" as="style" href="http://localhost/build/assets/app-Bm8kK_O2.css" /&gt;&lt;link rel="modulepreload" as="script" href="http://localhost/build/assets/app-6-22L-PU.js" /&gt;&lt;link rel="stylesheet" href="http://localhost/build/assets/app-Bm8kK_O2.css" /&gt;&lt;script type="module" src="http://localhost/build/assets/app-6-22L-PU.js"&gt;&lt;/script&gt;    \n
    &lt;/head&gt;\n
&lt;body class="font-sans antialiased "&gt;\n
    &lt;div id="app" style="overflow: visible !important; position: relative !important;"&gt;\n
        &lt;!-- Header --&gt;\n
        &lt;header class="bg-white shadow-sm lg:sticky lg:top-0 z-50"&gt;\n
    &lt;div class="container mx-auto px-4"&gt;\n
        &lt;nav class="flex items-center justify-between h-16"&gt;\n
            &lt;!-- Left: Mobile Menu Button (mobile only) --&gt;\n
            &lt;button id="mobile-menu-btn" class="lg:hidden p-2 text-gray-700 hover:text-purple-600 transition-colors"&gt;\n
                &lt;svg class="w-6 h-6" fill="none" stroke="currentColor" viewBox="0 0 24 24"&gt;\n
                    &lt;path stroke-linecap="round" stroke-linejoin="round" stroke-width="2" d="M4 6h16M4 12h16M4 18h16"&gt;&lt;/path&gt;\n
                &lt;/svg&gt;\n
            &lt;/button&gt;\n
            \n
            &lt;!-- Desktop: Logo + Menu Items --&gt;\n
            &lt;div class="hidden lg:flex items-center space-x-8"&gt;\n
                &lt;a href="http://localhost" class="flex items-center space-x-2"&gt;\n
                    &lt;span class="text-2xl font-bold text-purple-600"&gt;DiasZone&lt;/span&gt;\n
                &lt;/a&gt;\n
                &lt;div class="flex items-center space-x-6"&gt;\n
                    &lt;a href="http://localhost" class="text-gray-700 hover:text-purple-600 transition-colors font-medium"&gt;nav.home&lt;/a&gt;\n
                    &lt;a href="http://localhost/about" class="text-gray-700 hover:text-purple-600 transition-colors font-medium"&gt;nav.about&lt;/a&gt;\n
                    &lt;a href="http://localhost/contact" class="text-gray-700 hover:text-purple-600 transition-colors font-medium"&gt;nav.contact&lt;/a&gt;\n
                &lt;/div&gt;\n
            &lt;/div&gt;\n
            \n
            &lt;!-- Center: Logo (mobile only) --&gt;\n
            &lt;div class="lg:hidden flex-1 flex justify-center"&gt;\n
                &lt;a href="http://localhost" class="flex items-center space-x-2"&gt;\n
                    &lt;span class="text-xl font-bold text-purple-600"&gt;DiasZone&lt;/span&gt;\n
                &lt;/a&gt;\n
            &lt;/div&gt;\n
            \n
            &lt;!-- Search Bar (desktop only) --&gt;\n
            &lt;div class="hidden lg:flex flex-1 max-w-md mx-8"&gt;\n
                &lt;div class="relative w-full"&gt;\n
                          &lt;input type="text" \n
                           placeholder="nav.search_placeholder" \n
                              class="w-full px-4 py-2 pl-10 pr-4 border border-gray-300 rounded-lg focus:outline-none focus:ring-2 focus:ring-purple-500 focus:border-purple-500 transition-all text-sm search-input"&gt;\n
                    &lt;div class="absolute inset-y-0 left-0 pl-3 flex items-center pointer-events-none header-left-icon"&gt;\n
                        &lt;svg class="h-5 w-5 text-gray-400" fill="none" stroke="currentColor" viewBox="0 0 24 24"&gt;\n
                            &lt;path stroke-linecap="round" stroke-linejoin="round" stroke-width="2" d="M21 21l-6-6m2-5a7 7 0 11-14 0 7 7 0 0114 0z"&gt;&lt;/path&gt;\n
                        &lt;/svg&gt;\n
                    &lt;/div&gt;\n
                &lt;/div&gt;\n
            &lt;/div&gt;\n
            \n
            &lt;!-- Right Side: Cart (mobile) / Full menu (desktop) --&gt;\n
            &lt;div class="flex items-center space-x-2 lg:space-x-4"&gt;\n
                &lt;!-- Cart Icon (visible on all screens) --&gt;\n
                                &lt;div class="relative cart-dropdown group"&gt;\n
                    &lt;a href="http://localhost/cart" class="relative inline-flex items-center justify-center p-2 text-gray-700 hover:text-purple-600 transition-colors"&gt;\n
                        &lt;svg class="w-6 h-6" fill="none" stroke="currentColor" viewBox="0 0 24 24"&gt;\n
                            &lt;path stroke-linecap="round" stroke-linejoin="round" stroke-width="2" d="M3 3h2l.4 2M7 13h10l4-8H5.4M7 13L5.4 5M7 13l-2.293 2.293c-.63.63-.184 1.707.707 1.707H17m0 0a2 2 0 100 4 2 2 0 000-4zm-8 2a2 2 0 11-4 0 2 2 0 014 0z"&gt;&lt;/path&gt;\n
                        &lt;/svg&gt;\n
                        &lt;span id="cart-count" class="absolute -top-0.5 -right-0.5 bg-purple-600 text-white text-[10px] font-bold rounded-full min-w-[18px] h-[18px] flex items-center justify-center px-1 leading-tight hidden"&gt;0&lt;/span&gt;\n
                    &lt;/a&gt;\n
                    \n
                    &lt;!-- Cart Dropdown --&gt;\n
                    &lt;div class="cart-dropdown-menu absolute right-0 mt-2 w-80 bg-white rounded-xl shadow-2xl border border-gray-100 py-2 opacity-0 invisible transition-all duration-300 z-50 overflow-hidden"&gt;\n
                        &lt;div class="px-4 py-3 border-b border-gray-100"&gt;\n
                            &lt;h3 class="text-sm font-semibold text-gray-900"&gt;cart_dropdown.title&lt;/h3&gt;\n
                        &lt;/div&gt;\n
                        &lt;div id="cart-items" class="max-h-96 overflow-y-auto"&gt;\n
                            &lt;!-- Cart items will be inserted here --&gt;\n
                            &lt;div class="px-4 py-8 text-center"&gt;\n
                                &lt;svg class="w-12 h-12 text-gray-400 mx-auto mb-2" fill="none" stroke="currentColor" viewBox="0 0 24 24"&gt;\n
                                    &lt;path stroke-linecap="round" stroke-linejoin="round" stroke-width="2" d="M3 3h2l.4 2M7 13h10l4-8H5.4M7 13L5.4 5M7 13l-2.293 2.293c-.63.63-.184 1.707.707 1.707H17m0 0a2 2 0 100 4 2 2 0 000-4zm-8 2a2 2 0 11-4 0 2 2 0 014 0z"&gt;&lt;/path&gt;\n
                                &lt;/svg&gt;\n
                                &lt;p class="text-sm text-gray-500"&gt;cart_dropdown.empty&lt;/p&gt;\n
                            &lt;/div&gt;\n
                        &lt;/div&gt;\n
                        &lt;div id="cart-footer" class="hidden px-4 py-3 border-t border-gray-100 bg-gray-50"&gt;\n
                            &lt;a href="http://localhost/cart" class="block w-full bg-purple-600 hover:bg-purple-700 text-white font-semibold py-2 px-4 rounded-lg text-center transition-colors"&gt;\n
                                cart_dropdown.view_cart\n
                            &lt;/a&gt;\n
                        &lt;/div&gt;\n
                    &lt;/div&gt;\n
                &lt;/div&gt;\n
                                \n
                &lt;!-- Desktop: Language, Profile (desktop only) --&gt;\n
                &lt;div class="hidden lg:flex items-center space-x-4"&gt;\n
                &lt;!-- My Orders Button (shown when encrypted_order_id exists) --&gt;\n
                &lt;a href="http://localhost/dashboard/orders" \n
                   id="my-orders-btn" \n
                   class="hidden items-center space-x-2 px-4 py-2 bg-purple-600 hover:bg-purple-700 text-white font-semibold rounded-lg transition-all duration-200 shadow-md hover:shadow-lg focus:outline-none focus:ring-2 focus:ring-purple-500 focus:ring-offset-2"&gt;\n
                    &lt;svg class="w-5 h-5" fill="none" stroke="currentColor" viewBox="0 0 24 24"&gt;\n
                        &lt;path stroke-linecap="round" stroke-linejoin="round" stroke-width="2" d="M9 5H7a2 2 0 00-2 2v12a2 2 0 002 2h10a2 2 0 002-2V7a2 2 0 00-2-2h-2M9 5a2 2 0 002 2h2a2 2 0 002-2M9 5a2 2 0 012-2h2a2 2 0 012 2"&gt;&lt;/path&gt;\n
                    &lt;/svg&gt;\n
                    &lt;span&gt;nav.my_orders&lt;/span&gt;\n
                &lt;/a&gt;\n
                \n
                &lt;!-- Currency Dropdown --&gt;\n
                &lt;div class="relative currency-dropdown"&gt;\n
                    &lt;button id="currency-dropdown-btn" class="currency-dropdown-btn flex items-center space-x-2 px-4 py-2.5 bg-white border border-gray-300 rounded-lg hover:border-purple-500 hover:shadow-md transition-all duration-200 focus:outline-none focus:ring-2 focus:ring-purple-500 focus:border-purple-500 shadow-sm"&gt;\n
                        &lt;span class="text-sm font-semibold text-gray-800 currency-symbol"&gt;USD&lt;/span&gt;\n
                        &lt;svg class="w-4 h-4 text-gray-600 transition-transform duration-200" fill="none" stroke="currentColor" viewBox="0 0 24 24"&gt;\n
                            &lt;path stroke-linecap="round" stroke-linejoin="round" stroke-width="2" d="M19 9l-7 7-7-7"&gt;&lt;/path&gt;\n
                        &lt;/svg&gt;\n
                    &lt;/button&gt;\n
                    &lt;div class="currency-dropdown-menu absolute right-0 mt-2 w-48 bg-white rounded-xl shadow-2xl border border-gray-100 py-2 opacity-0 invisible transition-all duration-300 z-50 overflow-hidden"&gt;\n
                        &lt;div class="px-3 py-2 border-b border-gray-100"&gt;\n
                            &lt;span class="text-xs font-semibold text-gray-500 uppercase tracking-wider"&gt;currency.title&lt;/span&gt;\n
                        &lt;/div&gt;\n
                        &lt;a href="#" data-currency="USD" class="currency-option flex items-center space-x-3 px-4 py-3 hover:bg-gradient-to-r hover:from-purple-50 hover:to-purple-100 transition-all duration-200 group"&gt;\n
                            &lt;div class="flex-1"&gt;\n
                                &lt;div class="text-sm font-semibold text-gray-800 group-hover:text-purple-700"&gt;US Dollar&lt;/div&gt;\n
                                &lt;div class="text-xs text-gray-500"&gt;USD&lt;/div&gt;\n
                            &lt;/div&gt;\n
                            &lt;span class="text-xs font-medium text-purple-600 bg-purple-100 px-2 py-1 rounded currency-badge"&gt;USD&lt;/span&gt;\n
                        &lt;/a&gt;\n
                        &lt;a href="#" data-currency="DZD" class="currency-option flex items-center space-x-3 px-4 py-3 hover:bg-gradient-to-r hover:from-purple-50 hover:to-purple-100 transition-all duration-200 group"&gt;\n
                            &lt;div class="flex-1"&gt;\n
                                &lt;div class="text-sm font-semibold text-gray-800 group-hover:text-purple-700"&gt;Algerian Dinar&lt;/div&gt;\n
                                &lt;div class="text-xs text-gray-500"&gt;DZD&lt;/div&gt;\n
                            &lt;/div&gt;\n
                            &lt;span class="text-xs font-medium text-gray-600 bg-gray-100 px-2 py-1 rounded currency-badge"&gt;DZD&lt;/span&gt;\n
                        &lt;/a&gt;\n
                    &lt;/div&gt;\n
                &lt;/div&gt;\n
                \n
                &lt;!-- Language Dropdown --&gt;\n
                &lt;div class="relative language-dropdown"&gt;\n
                    &lt;button class="flex items-center space-x-2 px-4 py-2.5 bg-white border border-gray-300 rounded-lg hover:border-purple-500 hover:shadow-md transition-all duration-200 focus:outline-none focus:ring-2 focus:ring-purple-500 focus:border-purple-500 shadow-sm"&gt;\n
                                                &lt;span class="text-xl leading-none" style="font-size: 1.25rem;"&gt;🇬🇧&lt;/span&gt;\n
                        &lt;span class="text-sm font-semibold text-gray-800"&gt;EN&lt;/span&gt;\n
                        &lt;svg class="w-4 h-4 text-gray-600 transition-transform duration-200" fill="none" stroke="currentColor" viewBox="0 0 24 24"&gt;\n
                            &lt;path stroke-linecap="round" stroke-linejoin="round" stroke-width="2" d="M19 9l-7 7-7-7"&gt;&lt;/path&gt;\n
                        &lt;/svg&gt;\n
                    &lt;/button&gt;\n
                    &lt;div class="language-dropdown-menu absolute right-0 mt-2 w-56 bg-white rounded-xl shadow-2xl border border-gray-100 py-2 opacity-0 invisible transition-all duration-300 z-50 overflow-hidden"&gt;\n
                        &lt;div class="px-3 py-2 border-b border-gray-100"&gt;\n
                            &lt;span class="text-xs font-semibold text-gray-500 uppercase tracking-wider"&gt;language.title&lt;/span&gt;\n
                        &lt;/div&gt;\n
                        &lt;a href="http://localhost/language/en" class="language-option flex items-center space-x-3 px-4 py-3 hover:bg-gradient-to-r hover:from-purple-50 hover:to-purple-100 transition-all duration-200 group bg-purple-50"&gt;\n
                            &lt;span class="text-2xl leading-none" style="font-size: 1.5rem; width: 28px; text-align: center;"&gt;🇬🇧&lt;/span&gt;\n
                            &lt;div class="flex-1"&gt;\n
                                &lt;div class="text-sm font-semibold text-gray-800 group-hover:text-purple-700"&gt;English&lt;/div&gt;\n
                                &lt;div class="text-xs text-gray-500"&gt;language.en&lt;/div&gt;\n
                            &lt;/div&gt;\n
                            &lt;span class="text-xs font-medium text-purple-600 bg-purple-100 px-2 py-1 rounded"&gt;EN&lt;/span&gt;\n
                        &lt;/a&gt;\n
                        &lt;a href="http://localhost/language/ar" class="language-option flex items-center space-x-3 px-4 py-3 hover:bg-gradient-to-r hover:from-purple-50 hover:to-purple-100 transition-all duration-200 group "&gt;\n
                            &lt;span class="text-2xl leading-none" style="font-size: 1.5rem; width: 28px; text-align: center; display: inline-block;"&gt;🇩🇿&lt;/span&gt;\n
                            &lt;div class="flex-1"&gt;\n
                                &lt;div class="text-sm font-semibold text-gray-800 group-hover:text-purple-700"&gt;العربية&lt;/div&gt;\n
                                &lt;div class="text-xs text-gray-500"&gt;language.ar&lt;/div&gt;\n
                            &lt;/div&gt;\n
                            &lt;span class="text-xs font-medium text-gray-600 bg-gray-100 px-2 py-1 rounded"&gt;AR&lt;/span&gt;\n
                        &lt;/a&gt;\n
                        &lt;a href="http://localhost/language/fr" class="language-option flex items-center space-x-3 px-4 py-3 hover:bg-gradient-to-r hover:from-purple-50 hover:to-purple-100 transition-all duration-200 group "&gt;\n
                            &lt;span class="text-2xl leading-none" style="font-size: 1.5rem; width: 28px; text-align: center;"&gt;🇫🇷&lt;/span&gt;\n
                            &lt;div class="flex-1"&gt;\n
                                &lt;div class="text-sm font-semibold text-gray-800 group-hover:text-purple-700"&gt;Français&lt;/div&gt;\n
                                &lt;div class="text-xs text-gray-500"&gt;language.fr&lt;/div&gt;\n
                            &lt;/div&gt;\n
                            &lt;span class="text-xs font-medium text-gray-600 bg-gray-100 px-2 py-1 rounded"&gt;FR&lt;/span&gt;\n
                        &lt;/a&gt;\n
                    &lt;/div&gt;\n
                &lt;/div&gt;\n
                \n
                &lt;!-- Profile Dropdown --&gt;\n
                &lt;div class="relative profile-dropdown"&gt;\n
                    &lt;button class="profile-dropdown-btn w-10 h-10 bg-purple-600 hover:bg-purple-700 rounded-full flex items-center justify-center transition-all duration-200 focus:outline-none focus:ring-2 focus:ring-purple-500 focus:ring-offset-2 shadow-md hover:shadow-lg"&gt;\n
                                                    &lt;!-- Show icon if not logged in --&gt;\n
                            &lt;svg class="w-5 h-5 text-white" fill="none" stroke="currentColor" viewBox="0 0 24 24"&gt;\n
                                &lt;path stroke-linecap="round" stroke-linejoin="round" stroke-width="2" d="M16 7a4 4 0 11-8 0 4 4 0 018 0zM12 14a7 7 0 00-7 7h14a7 7 0 00-7-7z"&gt;&lt;/path&gt;\n
                            &lt;/svg&gt;\n
                                            &lt;/button&gt;\n
                    &lt;div class="profile-dropdown-menu absolute right-0 mt-2 w-56 bg-white rounded-xl shadow-2xl border border-gray-100 py-2 opacity-0 invisible transition-all duration-300 z-50 overflow-hidden"&gt;\n
                                                    &lt;!-- Not Logged In: Show Login/Signup Buttons --&gt;\n
                            &lt;div class="px-4 py-3 border-b border-gray-100"&gt;\n
                                &lt;span class="text-xs font-semibold text-gray-500 uppercase tracking-wider"&gt;profile.account&lt;/span&gt;\n
                            &lt;/div&gt;\n
                            &lt;div class="px-4 py-3 space-y-2"&gt;\n
                                &lt;a href="http://localhost/login" class="block w-full bg-purple-600 hover:bg-purple-700 text-white font-semibold py-2.5 px-4 rounded-lg text-center transition-colors duration-200 shadow-md hover:shadow-lg"&gt;\n
                                    profile.login\n
                                &lt;/a&gt;\n
                                &lt;a href="http://localhost/signup" class="block w-full bg-white border-2 border-purple-600 text-purple-600 hover:bg-purple-50 font-semibold py-2.5 px-4 rounded-lg text-center transition-colors duration-200"&gt;\n
                                    profile.signup\n
                                &lt;/a&gt;\n
                            &lt;/div&gt;\n
                                            &lt;/div&gt;\n
                &lt;/div&gt;\n
            &lt;/div&gt;\n
        &lt;/nav&gt;\n
    &lt;/div&gt;\n
&lt;/header&gt;\n
\n
&lt;!-- Mobile Side Drawer --&gt;\n
&lt;div id="mobile-drawer" class="fixed inset-y-0 z-50 w-80 bg-white shadow-xl transform transition-transform duration-300 ease-in-out lg:hidden -translate-x-full left-0" style="transform: translateX(-100%);"&gt;\n
    &lt;div class="flex flex-col h-full"&gt;\n
        &lt;!-- Drawer Header --&gt;\n
        &lt;div class="flex items-center justify-between p-4 border-b border-gray-200"&gt;\n
            &lt;h2 class="text-xl font-bold text-purple-600"&gt;nav.menu&lt;/h2&gt;\n
            &lt;button id="close-drawer-btn" class="p-2 text-gray-700 hover:text-purple-600 transition-colors"&gt;\n
                &lt;svg class="w-6 h-6" fill="none" stroke="currentColor" viewBox="0 0 24 24"&gt;\n
                    &lt;path stroke-linecap="round" stroke-linejoin="round" stroke-width="2" d="M6 18L18 6M6 6l12 12"&gt;&lt;/path&gt;\n
                &lt;/svg&gt;\n
            &lt;/button&gt;\n
        &lt;/div&gt;\n
        \n
        &lt;!-- Drawer Content --&gt;\n
        &lt;div class="flex-1 overflow-y-auto p-4 space-y-4"&gt;\n
            &lt;!-- Search Bar --&gt;\n
            &lt;div class="relative"&gt;\n
                &lt;input type="text" \n
                       placeholder="nav.search_placeholder" \n
                       class="w-full px-4 py-2 pl-10 pr-4 border border-gray-300 rounded-lg focus:outline-none focus:ring-2 focus:ring-purple-500 focus:border-purple-500 transition-all text-sm"&gt;\n
                    &lt;div class="absolute inset-y-0 left-0 pl-3 flex items-center pointer-events-none header-left-icon"&gt;\n
                    &lt;svg class="h-5 w-5 text-gray-400" fill="none" stroke="currentColor" viewBox="0 0 24 24"&gt;\n
                        &lt;path stroke-linecap="round" stroke-linejoin="round" stroke-width="2" d="M21 21l-6-6m2-5a7 7 0 11-14 0 7 7 0 0114 0z"&gt;&lt;/path&gt;\n
                    &lt;/svg&gt;\n
                &lt;/div&gt;\n
            &lt;/div&gt;\n
            \n
            &lt;!-- Menu Items --&gt;\n
            &lt;div class="space-y-2"&gt;\n
                &lt;a href="http://localhost" class="block px-4 py-3 text-gray-700 hover:bg-purple-50 hover:text-purple-600 rounded-lg transition-colors font-medium"&gt;\n
                    nav.home\n
                &lt;/a&gt;\n
                &lt;a href="http://localhost/about" class="block px-4 py-3 text-gray-700 hover:bg-purple-50 hover:text-purple-600 rounded-lg transition-colors font-medium"&gt;\n
                    nav.about\n
                &lt;/a&gt;\n
                &lt;a href="http://localhost/contact" class="block px-4 py-3 text-gray-700 hover:bg-purple-50 hover:text-purple-600 rounded-lg transition-colors font-medium"&gt;\n
                    nav.contact\n
                &lt;/a&gt;\n
            &lt;/div&gt;\n
            \n
            &lt;!-- Currency Selector (mobile) --&gt;\n
            &lt;div class="border-t border-gray-200 pt-4 mt-4"&gt;\n
                &lt;label class="block text-xs font-semibold text-gray-500 uppercase tracking-wider mb-3 px-4"&gt;currency.title&lt;/label&gt;\n
                &lt;div class="space-y-2 px-4"&gt;\n
                    &lt;button data-currency="USD" class="mobile-currency-option w-full flex items-center justify-between px-4 py-3 bg-white border-2 border-gray-200 rounded-lg hover:border-purple-500 hover:bg-purple-50 transition-all duration-200 group"&gt;\n
                        &lt;div class="flex items-center space-x-3"&gt;\n
                            &lt;div&gt;\n
                                &lt;div class="text-sm font-semibold text-gray-800 group-hover:text-purple-700"&gt;US Dollar&lt;/div&gt;\n
                                &lt;div class="text-xs text-gray-500"&gt;USD&lt;/div&gt;\n
                            &lt;/div&gt;\n
                        &lt;/div&gt;\n
                        &lt;span class="text-xs font-medium text-gray-600 bg-gray-100 px-2 py-1 rounded mobile-currency-badge"&gt;USD&lt;/span&gt;\n
                    &lt;/button&gt;\n
                    &lt;button data-currency="DZD" class="mobile-currency-option w-full flex items-center justify-between px-4 py-3 bg-white border-2 border-gray-200 rounded-lg hover:border-purple-500 hover:bg-purple-50 transition-all duration-200 group"&gt;\n
                        &lt;div class="flex items-center space-x-3"&gt;\n
                            &lt;div&gt;\n
                                &lt;div class="text-sm font-semibold text-gray-800 group-hover:text-purple-700"&gt;Algerian Dinar&lt;/div&gt;\n
                                &lt;div class="text-xs text-gray-500"&gt;DZD&lt;/div&gt;\n
                            &lt;/div&gt;\n
                        &lt;/div&gt;\n
                        &lt;span class="text-xs font-medium text-gray-600 bg-gray-100 px-2 py-1 rounded mobile-currency-badge"&gt;DZD&lt;/span&gt;\n
                    &lt;/button&gt;\n
                &lt;/div&gt;\n
            &lt;/div&gt;\n
            \n
            &lt;!-- My Orders Button (mobile) --&gt;\n
            &lt;a href="http://localhost/dashboard/orders" \n
               id="mobile-my-orders-btn" \n
               class="hidden block w-full items-center space-x-2 px-4 py-3 bg-purple-600 hover:bg-purple-700 text-white font-semibold rounded-lg transition-all duration-200 shadow-md mt-4"&gt;\n
                &lt;svg class="w-5 h-5 inline" fill="none" stroke="currentColor" viewBox="0 0 24 24"&gt;\n
                    &lt;path stroke-linecap="round" stroke-linejoin="round" stroke-width="2" d="M9 5H7a2 2 0 00-2 2v12a2 2 0 002 2h10a2 2 0 002-2V7a2 2 0 00-2-2h-2M9 5a2 2 0 002 2h2a2 2 0 002-2M9 5a2 2 0 012-2h2a2 2 0 012 2"&gt;&lt;/path&gt;\n
                &lt;/svg&gt;\n
                &lt;span&gt;My Orders&lt;/span&gt;\n
            &lt;/a&gt;\n
        &lt;/div&gt;\n
    &lt;/div&gt;\n
&lt;/div&gt;\n
\n
&lt;!-- Drawer Overlay --&gt;\n
&lt;div id="drawer-overlay" class="fixed inset-0 bg-black bg-opacity-50 z-40 hidden lg:hidden" style="display: none;"&gt;&lt;/div&gt;\n
\n
&lt;script&gt;\n
    document.addEventListener('DOMContentLoaded', function() {\n
        // Mobile drawer toggle\n
        const mobileMenuBtn = document.getElementById('mobile-menu-btn');\n
        const closeDrawerBtn = document.getElementById('close-drawer-btn');\n
        const mobileDrawer = document.getElementById('mobile-drawer');\n
        const isRtl = document.documentElement.dir === 'rtl';\n
        const hideDrawerClass = isRtl ? 'translate-x-full' : '-translate-x-full';\n
        const drawerOverlay = document.getElementById('drawer-overlay');\n
        \n
        // Ensure drawer starts closed (force with inline style)\n
        if (mobileDrawer) {\n
            mobileDrawer.style.transform = isRtl ? 'translateX(100%)' : 'translateX(-100%)';\n
            mobileDrawer.classList.add(hideDrawerClass);\n
        }\n
        if (drawerOverlay) {\n
            drawerOverlay.style.display = 'none';\n
            drawerOverlay.classList.add('hidden');\n
        }\n
        \n
        function openDrawer() {\n
            if (mobileDrawer) {\n
                mobileDrawer.style.transform = 'translateX(0)';\n
                mobileDrawer.classList.remove(hideDrawerClass);\n
            }\n
            if (drawerOverlay) {\n
                drawerOverlay.style.display = 'block';\n
                drawerOverlay.classList.remove('hidden');\n
            }\n
            // Prevent body scroll when drawer is open\n
            document.body.style.overflow = 'hidden';\n
            document.body.style.position = 'fixed';\n
            document.body.style.width = '100%';\n
            // Store scroll position\n
            const scrollY = window.scrollY;\n
            document.body.style.top = `-${scrollY}px`;\n
            document.body.dataset.scrollY = scrollY;\n
        }\n
        \n
        function closeDrawer() {\n
            if (mobileDrawer) {\n
                mobileDrawer.style.transform = isRtl ? 'translateX(100%)' : 'translateX(-100%)';\n
                mobileDrawer.classList.add(hideDrawerClass);\n
            }\n
            if (drawerOverlay) {\n
                drawerOverlay.style.display = 'none';\n
                drawerOverlay.classList.add('hidden');\n
            }\n
            // Restore body scroll\n
            const scrollY = document.body.dataset.scrollY || 0;\n
            document.body.style.overflow = '';\n
            document.body.style.position = '';\n
            document.body.style.width = '';\n
            document.body.style.top = '';\n
            window.scrollTo(0, parseInt(scrollY) || 0);\n
            delete document.body.dataset.scrollY;\n
        }\n
        \n
        if (mobileMenuBtn) {\n
            mobileMenuBtn.addEventListener('click', function(e) {\n
                e.preventDefault();\n
                openDrawer();\n
            });\n
        }\n
        \n
        if (closeDrawerBtn) {\n
            closeDrawerBtn.addEventListener('click', function(e) {\n
                e.preventDefault();\n
                closeDrawer();\n
            });\n
        }\n
        \n
        if (drawerOverlay) {\n
            drawerOverlay.addEventListener('click', function(e) {\n
                e.preventDefault();\n
                closeDrawer();\n
            });\n
        }\n
        \n
        // Sync My Orders button visibility between desktop and mobile drawer\n
        function updateMyOrdersButton() {\n
            const encryptedOrderIds = localStorage.getItem('diaszone_encrypted_order_ids');\n
            const hasOrders = encryptedOrderIds &amp;&amp; encryptedOrderIds !== '[]' &amp;&amp; encryptedOrderIds !== '';\n
            \n
            const desktopBtn = document.getElementById('my-orders-btn');\n
            const mobileDrawerBtn = document.getElementById('mobile-my-orders-btn');\n
            \n
            if (desktopBtn) {\n
                if (hasOrders) {\n
                    desktopBtn.classList.remove('hidden');\n
                    desktopBtn.classList.add('flex');\n
                } else {\n
                    desktopBtn.classList.add('hidden');\n
                    desktopBtn.classList.remove('flex');\n
                }\n
            }\n
            \n
            if (mobileDrawerBtn) {\n
                if (hasOrders) {\n
                    mobileDrawerBtn.classList.remove('hidden');\n
                    mobileDrawerBtn.classList.add('block');\n
                } else {\n
                    mobileDrawerBtn.classList.add('hidden');\n
                    mobileDrawerBtn.classList.remove('block');\n
                }\n
            }\n
        }\n
        \n
        // Check on page load and when localStorage changes\n
        updateMyOrdersButton();\n
        window.addEventListener('storage', updateMyOrdersButton);\n
        \n
        // Also check periodically (for same-tab updates)\n
        setInterval(updateMyOrdersButton, 1000);\n
        \n
        // Currency Dropdown\n
        const currencyDropdown = document.querySelector('.currency-dropdown');\n
        const currencyButton = document.getElementById('currency-dropdown-btn');\n
        const currencyMenu = document.querySelector('.currency-dropdown-menu');\n
        \n
        // Get other dropdown elements\n
        const languageDropdown = document.querySelector('.language-dropdown');\n
        const languageButton = languageDropdown ? languageDropdown.querySelector('button') : null;\n
        const languageMenu = languageDropdown ? languageDropdown.querySelector('.language-dropdown-menu') : null;\n
        const profileDropdown = document.querySelector('.profile-dropdown');\n
        const profileMenu = profileDropdown ? profileDropdown.querySelector('.profile-dropdown-menu') : null;\n
        \n
        // Initialize currency from localStorage or default to DZD\n
        const savedCurrency = localStorage.getItem('diaszone_currency') || 'DZD';\n
        updateCurrencyDisplay(savedCurrency);\n
        \n
        // Currency dropdown toggle\n
        if (currencyButton &amp;&amp; currencyMenu) {\n
            currencyButton.addEventListener('click', (e) =&gt; {\n
                e.stopPropagation();\n
                const isOpen = currencyMenu.classList.contains('opacity-100');\n
                \n
                // Close other dropdowns\n
                if (languageMenu) {\n
                    languageMenu.classList.remove('opacity-100', 'visible');\n
                    languageMenu.classList.add('opacity-0', 'invisible');\n
                }\n
                if (languageButton) {\n
                    languageButton.classList.remove('dropdown-open');\n
                }\n
                if (profileMenu) {\n
                    profileMenu.classList.remove('opacity-100', 'visible');\n
                    profileMenu.classList.add('opacity-0', 'invisible');\n
                }\n
                \n
                // Toggle currency dropdown\n
                if (isOpen) {\n
                    currencyMenu.classList.remove('opacity-100', 'visible');\n
                    currencyMenu.classList.add('opacity-0', 'invisible');\n
                } else {\n
                    currencyMenu.classList.remove('opacity-0', 'invisible');\n
                    currencyMenu.classList.add('opacity-100', 'visible');\n
                }\n
            });\n
        }\n
        \n
        // Handle currency selection\n
        if (currencyMenu) {\n
            currencyMenu.querySelectorAll('.currency-option').forEach(option =&gt; {\n
                option.addEventListener('click', (e) =&gt; {\n
                    e.preventDefault();\n
                    const currency = option.getAttribute('data-currency');\n
                    localStorage.setItem('diaszone_currency', currency);\n
                    updateCurrencyDisplay(currency);\n
                    updateMobileCurrencyDisplay(currency); // Also update mobile display\n
                    currencyMenu.classList.remove('opacity-100', 'visible');\n
                    currencyMenu.classList.add('opacity-0', 'invisible');\n
                    \n
                    // Trigger currency change event\n
                    window.dispatchEvent(new CustomEvent('currencyChanged', { detail: { currency } }));\n
                    \n
                    // Reload prices on the page\n
                    if (typeof updatePricesOnPage === 'function') {\n
                        updatePricesOnPage();\n
                    }\n
                });\n
            });\n
        }\n
        \n
        // Update currency display\n
        function updateCurrencyDisplay(currency) {\n
            if (currencyButton) {\n
                const currencySymbol = currencyButton.querySelector('.currency-symbol');\n
                if (currencySymbol) {\n
                    currencySymbol.textContent = currency;\n
                }\n
            }\n
            \n
            // Update badges\n
            if (currencyMenu) {\n
                currencyMenu.querySelectorAll('.currency-badge').forEach(badge =&gt; {\n
                    const option = badge.closest('.currency-option');\n
                    if (option &amp;&amp; option.getAttribute('data-currency') === currency) {\n
                        badge.classList.remove('text-gray-600', 'bg-gray-100');\n
                        badge.classList.add('text-purple-600', 'bg-purple-100');\n
                    } else {\n
                        badge.classList.remove('text-purple-600', 'bg-purple-100');\n
                        badge.classList.add('text-gray-600', 'bg-gray-100');\n
                    }\n
                });\n
            }\n
        }\n
        \n
        // Close currency dropdown when clicking outside (if not already handled by app.js)\n
        if (currencyDropdown) {\n
            document.addEventListener('click', (e) =&gt; {\n
                if (!currencyDropdown.contains(e.target)) {\n
                    if (currencyMenu) {\n
                        currencyMenu.classList.remove('opacity-100', 'visible');\n
                        currencyMenu.classList.add('opacity-0', 'invisible');\n
                    }\n
                }\n
            });\n
        }\n
        \n
        // Mobile currency selector\n
        const mobileCurrencyOptions = document.querySelectorAll('.mobile-currency-option');\n
        \n
        function updateMobileCurrencyDisplay(currency) {\n
            mobileCurrencyOptions.forEach(option =&gt; {\n
                const currencyValue = option.getAttribute('data-currency');\n
                const badge = option.querySelector('.mobile-currency-badge');\n
                \n
                if (currencyValue === currency) {\n
                    option.classList.remove('border-gray-200');\n
                    option.classList.add('border-purple-500', 'bg-purple-50');\n
                    if (badge) {\n
                        badge.classList.remove('text-gray-600', 'bg-gray-100');\n
                        badge.classList.add('text-purple-600', 'bg-purple-100');\n
                    }\n
                } else {\n
                    option.classList.remove('border-purple-500', 'bg-purple-50');\n
                    option.classList.add('border-gray-200');\n
                    if (badge) {\n
                        badge.classList.remove('text-purple-600', 'bg-purple-100');\n
                        badge.classList.add('text-gray-600', 'bg-gray-100');\n
                    }\n
                }\n
            });\n
        }\n
        \n
        // Initialize mobile currency display\n
        const savedCurrencyMobile = localStorage.getItem('diaszone_currency') || 'DZD';\n
        updateMobileCurrencyDisplay(savedCurrencyMobile);\n
        \n
        mobileCurrencyOptions.forEach(option =&gt; {\n
            option.addEventListener('click', function(e) {\n
                e.preventDefault();\n
                const currency = this.getAttribute('data-currency');\n
                localStorage.setItem('diaszone_currency', currency);\n
                updateMobileCurrencyDisplay(currency);\n
                updateCurrencyDisplay(currency); // Also update desktop display\n
                \n
                // Trigger currency change event\n
                window.dispatchEvent(new CustomEvent('currencyChanged', { detail: { currency } }));\n
                \n
                // Reload prices on the page\n
                if (typeof updatePricesOnPage === 'function') {\n
                    updatePricesOnPage();\n
                }\n
                \n
                // Close drawer after selection (optional)\n
                // closeDrawer();\n
            });\n
        });\n
    });\n
&lt;/script&gt;\n
\n
        \n
        &lt;!-- Main Content --&gt;\n
        &lt;main style="overflow: visible !important; position: relative !important;"&gt;\n
            &lt;!-- Game Header --&gt;\n
&lt;div class="bg-white border-b border-gray-200" style="margin-top: 15px;"&gt;\n
    &lt;div class="container mx-auto px-4 py-6 lg:py-8"&gt;\n
        &lt;div class="flex flex-col lg:flex-row items-start gap-6 lg:gap-8"&gt;\n
            &lt;!-- Game Image (Left) --&gt;\n
            &lt;div class="flex-shrink-0"&gt;\n
                &lt;div class="w-48 h-48 lg:w-56 lg:h-56 bg-white rounded-xl p-4 flex items-center justify-center border border-gray-200 shadow-sm hover:shadow-md transition-shadow duration-200 overflow-hidden"&gt;\n
                    &lt;img src="http://localhost/storage/images_homepage/mobilelegends.webp" \n
                         alt="Mobile Legends Diamonds" \n
                         class="w-full h-full object-contain rounded-xl"&gt;\n
                &lt;/div&gt;\n
            &lt;/div&gt;\n
            \n
            &lt;!-- Game Information (Right) --&gt;\n
            &lt;div class="flex-1 min-w-0"&gt;\n
                &lt;!-- Title and Region --&gt;\n
                &lt;div class="mb-4"&gt;\n
                    &lt;h1 class="text-3xl lg:text-4xl font-bold text-gray-900 mb-2"&gt;Mobile Legends Diamonds&lt;/h1&gt;\n
                    &lt;div class="flex items-center gap-2 mb-4"&gt;\n
                        &lt;span class="inline-block px-3 py-1 bg-gray-100 text-gray-700 text-sm font-medium rounded-md"&gt;\n
                            Global\n
                        &lt;/span&gt;\n
                    &lt;/div&gt;\n
                &lt;/div&gt;\n
                \n
                &lt;!-- Important Note --&gt;\n
                &lt;div class="bg-amber-50 border border-amber-200 rounded-lg p-3 mb-4"&gt;\n
                    &lt;p class="text-sm text-gray-800 leading-relaxed"&gt;\n
                        &lt;strong class="font-semibold text-amber-900"&gt;Important Note:&lt;/strong&gt; This Top Up service is available for all regions.\n
                    &lt;/p&gt;\n
                &lt;/div&gt;\n
                \n
                &lt;!-- Add to Favorite Button --&gt;\n
                &lt;button id="add-to-favorite-btn" \n
                        class="inline-flex items-center gap-2 px-4 py-2 bg-gray-50 hover:bg-gray-100 text-gray-700 text-sm font-medium rounded-lg border border-gray-300 hover:border-gray-400 transition-all"&gt;\n
                    &lt;svg class="w-4 h-4" fill="none" stroke="currentColor" viewBox="0 0 24 24"&gt;\n
                        &lt;path stroke-linecap="round" stroke-linejoin="round" stroke-width="2" d="M4.318 6.318a4.5 4.5 0 000 6.364L12 20.364l7.682-7.682a4.5 4.5 0 00-6.364-6.364L12 7.636l-1.318-1.318a4.5 4.5 0 00-6.364 0z"&gt;&lt;/path&gt;\n
                    &lt;/svg&gt;\n
                    &lt;span&gt;Add to favorite&lt;/span&gt;\n
                &lt;/button&gt;\n
            &lt;/div&gt;\n
        &lt;/div&gt;\n
    &lt;/div&gt;\n
&lt;/div&gt;\n
\n
&lt;script&gt;\n
document.addEventListener('DOMContentLoaded', function() {\n
    const favoriteBtn = document.getElementById('add-to-favorite-btn');\n
    if (favoriteBtn) {\n
        favoriteBtn.addEventListener('click', function() {\n
            // Toggle favorite state\n
            const isFavorite = this.classList.contains('favorited');\n
            \n
            if (isFavorite) {\n
                this.classList.remove('favorited', 'bg-red-50', 'border-red-300', 'text-red-700', 'hover:bg-red-100');\n
                this.classList.add('bg-gray-50', 'border-gray-300', 'text-gray-700', 'hover:bg-gray-100');\n
                this.querySelector('svg path').setAttribute('fill', 'none');\n
                this.querySelector('span').textContent = 'Add to favorite';\n
            } else {\n
                this.classList.add('favorited', 'bg-red-50', 'border-red-300', 'text-red-700', 'hover:bg-red-100');\n
                this.classList.remove('bg-gray-50', 'border-gray-300', 'text-gray-700', 'hover:bg-gray-100');\n
                this.querySelector('svg path').setAttribute('fill', 'currentColor');\n
                this.querySelector('span').textContent = 'Remove from favorite';\n
            }\n
            \n
            // Here you can add logic to save to localStorage or send to server\n
            const gameType = 'mobilelegends';\n
            const favorites = JSON.parse(localStorage.getItem('diaszone_favorites') || '[]');\n
            \n
            if (isFavorite) {\n
                const index = favorites.indexOf(gameType);\n
                if (index &gt; -1) {\n
                    favorites.splice(index, 1);\n
                }\n
            } else {\n
                if (!favorites.includes(gameType)) {\n
                    favorites.push(gameType);\n
                }\n
            }\n
            \n
            localStorage.setItem('diaszone_favorites', JSON.stringify(favorites));\n
        });\n
        \n
        // Check if already favorited on load\n
        const gameType = 'mobilelegends';\n
        const favorites = JSON.parse(localStorage.getItem('diaszone_favorites') || '[]');\n
        if (favorites.includes(gameType)) {\n
            favoriteBtn.classList.add('favorited', 'bg-red-50', 'border-red-300', 'text-red-700', 'hover:bg-red-100');\n
            favoriteBtn.classList.remove('bg-gray-50', 'border-gray-300', 'text-gray-700', 'hover:bg-gray-100');\n
            favoriteBtn.querySelector('svg path').setAttribute('fill', 'currentColor');\n
            favoriteBtn.querySelector('span').textContent = 'Remove from favorite';\n
        }\n
    }\n
});\n
&lt;/script&gt;\n
\n
&lt;!-- Main Content: Offers and Order Form --&gt;\n
&lt;div class="bg-gradient-to-br from-gray-50 via-purple-50/30 to-pink-50/20 min-h-screen"&gt;\n
    &lt;div class="container mx-auto px-4" style="padding-top: 1rem !important; padding-bottom: 2rem !important;" id="main-container"&gt;\n
        &lt;div id="offers-section" class="flex flex-col lg:flex-row"&gt;\n
            &lt;!-- Left Column: Diamond Packs (Scrollable) - Hidden on mobile --&gt;\n
            &lt;div class="flex-1 hidden lg:block" style="margin-right: 15px !important;"&gt;\n
                &lt;div class="space-y-4" id="diamond-packs-wrapper"&gt;\n
    &lt;h2 class="text-2xl font-bold text-gray-900 mb-6 hidden lg:block"&gt;Mobile Legends&lt;/h2&gt;\n
    \n
    &lt;!-- Desktop: Grid Layout (hidden on mobile) --&gt;\n
    &lt;div class="hidden lg:block" id="desktop-grid-wrapper"&gt;\n
        &lt;div class="grid grid-cols-1 md:grid-cols-2 gap-4"&gt;\n
                    &lt;label class="diamond-pack-item cursor-pointer"&gt;\n
                  &lt;input type="radio" \n
                       name="diamond_pack" \n
                       value="15" \n
                       class="hidden pack-radio"\n
                       checked\n
                       data-pack-id="15"\n
                      data-pack-quantity="1"\n
                       data-pack-diamonds="55"\n
                       data-pack-bonus="0"\n
                       data-pack-price="10.00"\n
                       data-pack-price-usd="10.00"\n
                       data-pack-price-dzd="1000.00"\n
                       data-pack-name="Weekly Pass 3x"\n
                       data-pack-discount="0.00"&gt;\n
                \n
                &lt;div class="SKU_type bg-white border-2 border-gray-200 rounded-lg p-4 hover:border-purple-500 transition-all"&gt;\n
                    &lt;div class="flex items-start gap-4"&gt;\n
                        &lt;!-- Image (empty space for PUBG Mobile, Honor of Kings, Blood Strike) --&gt;\n
                                                    &lt;!-- Other Games: Diamond Image --&gt;\n
                            &lt;div class="flex-shrink-0 w-12 h-12 flex items-center justify-center bg-gray-50 rounded-lg"&gt;\n
                                                                &lt;img src="http://localhost/storage/images_homepage/diaslow.webp" \n
                                     alt="55 Diamonds" \n
                                     class="w-full h-full object-contain"\n
                                     style="display: block !important; width: 100% !important; height: 100% !important; object-fit: contain !important;"&gt;\n
                            &lt;/div&gt;\n
                                                \n
                        &lt;!-- Pack Info --&gt;\n
                        &lt;div class="flex-1 min-w-0"&gt;\n
                            &lt;div class="flex items-center justify-between mb-1"&gt;\n
                                &lt;h3 class="text-sm font-semibold text-gray-900"&gt;\n
                                                                                                                        55 Diamonds\n
                                                                                                            &lt;/h3&gt;\n
                                &lt;/h3&gt;\n
                                                                                            &lt;/div&gt;\n
                                                        &lt;div class="flex items-center justify-between"&gt;\n
                                                                                                &lt;span class="text-sm font-bold text-purple-600 pack-final-price" data-price-usd="10.00" data-price-dzd="1000.00" data-discount="0.00" data-pack-quantity="1"&gt;1,000 DZD&lt;/span&gt;\n
                            &lt;/div&gt;\n
                        &lt;/div&gt;\n
                    &lt;/div&gt;\n
                &lt;/div&gt;\n
            &lt;/label&gt;\n
                    &lt;label class="diamond-pack-item cursor-pointer"&gt;\n
                  &lt;input type="radio" \n
                       name="diamond_pack" \n
                       value="1" \n
                       class="hidden pack-radio"\n
                       \n
                       data-pack-id="1"\n
                      data-pack-quantity="1"\n
                       data-pack-diamonds="50"\n
                       data-pack-bonus="5"\n
                       data-pack-price="12121.00"\n
                       data-pack-price-usd="12121.00"\n
                       data-pack-price-dzd="3151460"\n
                       data-pack-name="55 Diamonds (50 + 5 Bonus) 2x Bonus First Top Up"\n
                       data-pack-discount="0.00"&gt;\n
                \n
                &lt;div class="SKU_type bg-white border-2 border-gray-200 rounded-lg p-4 hover:border-purple-500 transition-all"&gt;\n
                    &lt;div class="flex items-start gap-4"&gt;\n
                        &lt;!-- Image (empty space for PUBG Mobile, Honor of Kings, Blood Strike) --&gt;\n
                                                    &lt;!-- Other Games: Diamond Image --&gt;\n
                            &lt;div class="flex-shrink-0 w-12 h-12 flex items-center justify-center bg-gray-50 rounded-lg"&gt;\n
                                                                &lt;img src="http://localhost/storage/images_homepage/diaslow.webp" \n
                                     alt="50 Diamonds" \n
                                     class="w-full h-full object-contain"\n
                                     style="display: block !important; width: 100% !important; height: 100% !important; object-fit: contain !important;"&gt;\n
                            &lt;/div&gt;\n
                                                \n
                        &lt;!-- Pack Info --&gt;\n
                        &lt;div class="flex-1 min-w-0"&gt;\n
                            &lt;div class="flex items-center justify-between mb-1"&gt;\n
                                &lt;h3 class="text-sm font-semibold text-gray-900"&gt;\n
                                                                                                                        50 Diamonds\n
                                                                                                            &lt;/h3&gt;\n
                                &lt;/h3&gt;\n
                                                                                            &lt;/div&gt;\n
                                                            &lt;p class="text-xs text-gray-600 mb-2"&gt;+ 5 Bonus Diamonds&lt;/p&gt;\n
                                                        &lt;div class="flex items-center justify-between"&gt;\n
                                                                                                &lt;span class="text-sm font-bold text-purple-600 pack-final-price" data-price-usd="12121.00" data-price-dzd="3151460" data-discount="0.00" data-pack-quantity="1"&gt;3,151,460 DZD&lt;/span&gt;\n
                            &lt;/div&gt;\n
                        &lt;/div&gt;\n
                    &lt;/div&gt;\n
                &lt;/div&gt;\n
            &lt;/label&gt;\n
                    &lt;label class="diamond-pack-item cursor-pointer"&gt;\n
                  &lt;input type="radio" \n
                       name="diamond_pack" \n
                       value="2" \n
                       class="hidden pack-radio"\n
                       \n
                       data-pack-id="2"\n
                      data-pack-quantity="1"\n
                       data-pack-diamonds="78"\n
                       data-pack-bonus="8"\n
                       data-pack-price="19114.00"\n
                       data-pack-price-usd="19114.00"\n
                       data-pack-price-dzd="4969640"\n
                       data-pack-name="86 Diamonds (78 + 8 Bonus)"\n
                       data-pack-discount="0.00"&gt;\n
                \n
                &lt;div class="SKU_type bg-white border-2 border-gray-200 rounded-lg p-4 hover:border-purple-500 transition-all"&gt;\n
                    &lt;div class="flex items-start gap-4"&gt;\n
                        &lt;!-- Image (empty space for PUBG Mobile, Honor of Kings, Blood Strike) --&gt;\n
                                                    &lt;!-- Other Games: Diamond Image --&gt;\n
                            &lt;div class="flex-shrink-0 w-12 h-12 flex items-center justify-center bg-gray-50 rounded-lg"&gt;\n
                                                                &lt;img src="http://localhost/storage/images_homepage/diaslow.webp" \n
                                     alt="78 Diamonds" \n
                                     class="w-full h-full object-contain"\n
                                     style="display: block !important; width: 100% !important; height: 100% !important; object-fit: contain !important;"&gt;\n
                            &lt;/div&gt;\n
                                                \n
                        &lt;!-- Pack Info --&gt;\n
                        &lt;div class="flex-1 min-w-0"&gt;\n
                            &lt;div class="flex items-center justify-between mb-1"&gt;\n
                                &lt;h3 class="text-sm font-semibold text-gray-900"&gt;\n
                                                                                                                        78 Diamonds\n
                                                                                                            &lt;/h3&gt;\n
                                &lt;/h3&gt;\n
                                                                                            &lt;/div&gt;\n
                                                            &lt;p class="text-xs text-gray-600 mb-2"&gt;+ 8 Bonus Diamonds&lt;/p&gt;\n
                                                        &lt;div class="flex items-center justify-between"&gt;\n
                                                                                                &lt;span class="text-sm font-bold text-purple-600 pack-final-price" data-price-usd="19114.00" data-price-dzd="4969640" data-discount="0.00" data-pack-quantity="1"&gt;4,969,640 DZD&lt;/span&gt;\n
                            &lt;/div&gt;\n
                        &lt;/div&gt;\n
                    &lt;/div&gt;\n
                &lt;/div&gt;\n
            &lt;/label&gt;\n
                    &lt;label class="diamond-pack-item cursor-pointer"&gt;\n
                  &lt;input type="radio" \n
                       name="diamond_pack" \n
                       value="3" \n
                       class="hidden pack-radio"\n
                       \n
                       data-pack-id="3"\n
                      data-pack-quantity="1"\n
                       data-pack-diamonds="100"\n
                       data-pack-bonus="0"\n
                       data-pack-price="23621.00"\n
                       data-pack-price-usd="23621.00"\n
                       data-pack-price-dzd="6141460"\n
                       data-pack-name="1x Weekly Diamond Pass (Event Topup 100)"\n
                       data-pack-discount="0.00"&gt;\n
                \n
                &lt;div class="SKU_type bg-white border-2 border-gray-200 rounded-lg p-4 hover:border-purple-500 transition-all"&gt;\n
                    &lt;div class="flex items-start gap-4"&gt;\n
                        &lt;!-- Image (empty space for PUBG Mobile, Honor of Kings, Blood Strike) --&gt;\n
                                                    &lt;!-- Other Games: Diamond Image --&gt;\n
                            &lt;div class="flex-shrink-0 w-12 h-12 flex items-center justify-center bg-gray-50 rounded-lg"&gt;\n
                                                                &lt;img src="http://localhost/storage/images_homepage/weeklymlbb.webp" \n
                                     alt="100 Diamonds" \n
                                     class="w-full h-full object-contain"\n
                                     style="display: block !important; width: 100% !important; height: 100% !important; object-fit: contain !important;"&gt;\n
                            &lt;/div&gt;\n
                                                \n
                        &lt;!-- Pack Info --&gt;\n
                        &lt;div class="flex-1 min-w-0"&gt;\n
                            &lt;div class="flex items-center justify-between mb-1"&gt;\n
                                &lt;h3 class="text-sm font-semibold text-gray-900"&gt;\n
                                                                                                                        1x Weekly Diamond Pass\n
                                                                                                            &lt;/h3&gt;\n
                                &lt;/h3&gt;\n
                                                                                            &lt;/div&gt;\n
                                                        &lt;div class="flex items-center justify-between"&gt;\n
                                                                                                &lt;span class="text-sm font-bold text-purple-600 pack-final-price" data-price-usd="23621.00" data-price-dzd="6141460" data-discount="0.00" data-pack-quantity="1"&gt;6,141,460 DZD&lt;/span&gt;\n
                            &lt;/div&gt;\n
                        &lt;/div&gt;\n
                    &lt;/div&gt;\n
                &lt;/div&gt;\n
            &lt;/label&gt;\n
                    &lt;label class="diamond-pack-item cursor-pointer"&gt;\n
                  &lt;input type="radio" \n
                       name="diamond_pack" \n
                       value="4" \n
                       class="hidden pack-radio"\n
                       \n
                       data-pack-id="4"\n
                      data-pack-quantity="1"\n
                       data-pack-diamonds="150"\n
                       data-pack-bonus="15"\n
                       data-pack-price="36332.00"\n
                       data-pack-price-usd="36332.00"\n
                       data-pack-price-dzd="9446320"\n
                       data-pack-name="165 Diamonds (150 + 15 Bonus) 2x Bonus First Top Up"\n
                       data-pack-discount="0.00"&gt;\n
                \n
                &lt;div class="SKU_type bg-white border-2 border-gray-200 rounded-lg p-4 hover:border-purple-500 transition-all"&gt;\n
                    &lt;div class="flex items-start gap-4"&gt;\n
                        &lt;!-- Image (empty space for PUBG Mobile, Honor of Kings, Blood Strike) --&gt;\n
                                                    &lt;!-- Other Games: Diamond Image --&gt;\n
                            &lt;div class="flex-shrink-0 w-12 h-12 flex items-center justify-center bg-gray-50 rounded-lg"&gt;\n
                                                                &lt;img src="http://localhost/storage/images_homepage/diasmid.webp" \n
                                     alt="150 Diamonds" \n
                                     class="w-full h-full object-contain"\n
                                     style="display: block !important; width: 100% !important; height: 100% !important; object-fit: contain !important;"&gt;\n
                            &lt;/div&gt;\n
                                                \n
                        &lt;!-- Pack Info --&gt;\n
                        &lt;div class="flex-1 min-w-0"&gt;\n
                            &lt;div class="flex items-center justify-between mb-1"&gt;\n
                                &lt;h3 class="text-sm font-semibold text-gray-900"&gt;\n
                                                                                                                        150 Diamonds\n
                                                                                                            &lt;/h3&gt;\n
                                &lt;/h3&gt;\n
                                                                                            &lt;/div&gt;\n
                                                            &lt;p class="text-xs text-gray-600 mb-2"&gt;+ 15 Bonus Diamonds&lt;/p&gt;\n
                                                        &lt;div class="flex items-center justify-between"&gt;\n
                                                                                                &lt;span class="text-sm font-bold text-purple-600 pack-final-price" data-price-usd="36332.00" data-price-dzd="9446320" data-discount="0.00" data-pack-quantity="1"&gt;9,446,320 DZD&lt;/span&gt;\n
                            &lt;/div&gt;\n
                        &lt;/div&gt;\n
                    &lt;/div&gt;\n
                &lt;/div&gt;\n
            &lt;/label&gt;\n
                    &lt;label class="diamond-pack-item cursor-pointer"&gt;\n
                  &lt;input type="radio" \n
                       name="diamond_pack" \n
                       value="5" \n
                       class="hidden pack-radio"\n
                       \n
                       data-pack-id="5"\n
                      data-pack-quantity="1"\n
                       data-pack-diamonds="156"\n
                       data-pack-bonus="16"\n
                       data-pack-price="37917.00"\n
                       data-pack-price-usd="37917.00"\n
                       data-pack-price-dzd="9858420"\n
                       data-pack-name="172 Diamonds (156 + 16 Bonus)"\n
                       data-pack-discount="0.00"&gt;\n
                \n
                &lt;div class="SKU_type bg-white border-2 border-gray-200 rounded-lg p-4 hover:border-purple-500 transition-all"&gt;\n
                    &lt;div class="flex items-start gap-4"&gt;\n
                        &lt;!-- Image (empty space for PUBG Mobile, Honor of Kings, Blood Strike) --&gt;\n
                                                    &lt;!-- Other Games: Diamond Image --&gt;\n
                            &lt;div class="flex-shrink-0 w-12 h-12 flex items-center justify-center bg-gray-50 rounded-lg"&gt;\n
                                                                &lt;img src="http://localhost/storage/images_homepage/diasmid.webp" \n
                                     alt="156 Diamonds" \n
                                     class="w-full h-full object-contain"\n
                                     style="display: block !important; width: 100% !important; height: 100% !important; object-fit: contain !important;"&gt;\n
                            &lt;/div&gt;\n
                                                \n
                        &lt;!-- Pack Info --&gt;\n
                        &lt;div class="flex-1 min-w-0"&gt;\n
                            &lt;div class="flex items-center justify-between mb-1"&gt;\n
                                &lt;h3 class="text-sm font-semibold text-gray-900"&gt;\n
                                                                                                                        156 Diamonds\n
                                                                                                            &lt;/h3&gt;\n
                                &lt;/h3&gt;\n
                                                                                            &lt;/div&gt;\n
                                                            &lt;p class="text-xs text-gray-600 mb-2"&gt;+ 16 Bonus Diamonds&lt;/p&gt;\n
                                                        &lt;div class="flex items-center justify-between"&gt;\n
                                                                                                &lt;span class="text-sm font-bold text-purple-600 pack-final-price" data-price-usd="37917.00" data-price-dzd="9858420" data-discount="0.00" data-pack-quantity="1"&gt;9,858,420 DZD&lt;/span&gt;\n
                            &lt;/div&gt;\n
                        &lt;/div&gt;\n
                    &lt;/div&gt;\n
                &lt;/div&gt;\n
            &lt;/label&gt;\n
                    &lt;label class="diamond-pack-item cursor-pointer"&gt;\n
                  &lt;input type="radio" \n
                       name="diamond_pack" \n
                       value="6" \n
                       class="hidden pack-radio"\n
                       \n
                       data-pack-id="6"\n
                      data-pack-quantity="1"\n
                       data-pack-diamonds="234"\n
                       data-pack-bonus="23"\n
                       data-pack-price="54918.00"\n
                       data-pack-price-usd="54918.00"\n
                       data-pack-price-dzd="14278680"\n
                       data-pack-name="257 Diamonds (234 + 23 Bonus)"\n
                       data-pack-discount="0.00"&gt;\n
                \n
                &lt;div class="SKU_type bg-white border-2 border-gray-200 rounded-lg p-4 hover:border-purple-500 transition-all"&gt;\n
                    &lt;div class="flex items-start gap-4"&gt;\n
                        &lt;!-- Image (empty space for PUBG Mobile, Honor of Kings, Blood Strike) --&gt;\n
                                                    &lt;!-- Other Games: Diamond Image --&gt;\n
                            &lt;div class="flex-shrink-0 w-12 h-12 flex items-center justify-center bg-gray-50 rounded-lg"&gt;\n
                                                                &lt;img src="http://localhost/storage/images_homepage/diasmid.webp" \n
                                     alt="234 Diamonds" \n
                                     class="w-full h-full object-contain"\n
                                     style="display: block !important; width: 100% !important; height: 100% !important; object-fit: contain !important;"&gt;\n
                            &lt;/div&gt;\n
                                                \n
                        &lt;!-- Pack Info --&gt;\n
                        &lt;div class="flex-1 min-w-0"&gt;\n
                            &lt;div class="flex items-center justify-between mb-1"&gt;\n
                                &lt;h3 class="text-sm font-semibold text-gray-900"&gt;\n
                                                                                                                        234 Diamonds\n
                                                                                                            &lt;/h3&gt;\n
                                &lt;/h3&gt;\n
                                                                                            &lt;/div&gt;\n
                                                            &lt;p class="text-xs text-gray-600 mb-2"&gt;+ 23 Bonus Diamonds&lt;/p&gt;\n
                                                        &lt;div class="flex items-center justify-between"&gt;\n
                                                                                                &lt;span class="text-sm font-bold text-purple-600 pack-final-price" data-price-usd="54918.00" data-price-dzd="14278680" data-discount="0.00" data-pack-quantity="1"&gt;14,278,680 DZD&lt;/span&gt;\n
                            &lt;/div&gt;\n
                        &lt;/div&gt;\n
                    &lt;/div&gt;\n
                &lt;/div&gt;\n
            &lt;/label&gt;\n
                    &lt;label class="diamond-pack-item cursor-pointer"&gt;\n
                  &lt;input type="radio" \n
                       name="diamond_pack" \n
                       value="7" \n
                       class="hidden pack-radio"\n
                       \n
                       data-pack-id="7"\n
                      data-pack-quantity="1"\n
                       data-pack-diamonds="250"\n
                       data-pack-bonus="25"\n
                       data-pack-price="58274.00"\n
                       data-pack-price-usd="58274.00"\n
                       data-pack-price-dzd="15151240"\n
                       data-pack-name="275 Diamonds (250 + 25 Bonus) 2x Bonus First Top Up"\n
                       data-pack-discount="0.00"&gt;\n
                \n
                &lt;div class="SKU_type bg-white border-2 border-gray-200 rounded-lg p-4 hover:border-purple-500 transition-all"&gt;\n
                    &lt;div class="flex items-start gap-4"&gt;\n
                        &lt;!-- Image (empty space for PUBG Mobile, Honor of Kings, Blood Strike) --&gt;\n
                                                    &lt;!-- Other Games: Diamond Image --&gt;\n
                            &lt;div class="flex-shrink-0 w-12 h-12 flex items-center justify-center bg-gray-50 rounded-lg"&gt;\n
                                                                &lt;img src="http://localhost/storage/images_homepage/diasmid.webp" \n
                                     alt="250 Diamonds" \n
                                     class="w-full h-full object-contain"\n
                                     style="display: block !important; width: 100% !important; height: 100% !important; object-fit: contain !important;"&gt;\n
                            &lt;/div&gt;\n
                                                \n
                        &lt;!-- Pack Info --&gt;\n
                        &lt;div class="flex-1 min-w-0"&gt;\n
                            &lt;div class="flex items-center justify-between mb-1"&gt;\n
                                &lt;h3 class="text-sm font-semibold text-gray-900"&gt;\n
                                                                                                                        250 Diamonds\n
                                                                                                            &lt;/h3&gt;\n
                                &lt;/h3&gt;\n
                                                                                            &lt;/div&gt;\n
                                                            &lt;p class="text-xs text-gray-600 mb-2"&gt;+ 25 Bonus Diamonds&lt;/p&gt;\n
                                                        &lt;div class="flex items-center justify-between"&gt;\n
                                                                                                &lt;span class="text-sm font-bold text-purple-600 pack-final-price" data-price-usd="58274.00" data-price-dzd="15151240" data-discount="0.00" data-pack-quantity="1"&gt;15,151,240 DZD&lt;/span&gt;\n
                            &lt;/div&gt;\n
                        &lt;/div&gt;\n
                    &lt;/div&gt;\n
                &lt;/div&gt;\n
            &lt;/label&gt;\n
                    &lt;label class="diamond-pack-item cursor-pointer"&gt;\n
                  &lt;input type="radio" \n
                       name="diamond_pack" \n
                       value="8" \n
                       class="hidden pack-radio"\n
                       \n
                       data-pack-id="8"\n
                      data-pack-quantity="1"\n
                       data-pack-diamonds="500"\n
                       data-pack-bonus="65"\n
                       data-pack-price="119655.00"\n
                       data-pack-price-usd="119655.00"\n
                       data-pack-price-dzd="31110300"\n
                       data-pack-name="565 Diamonds (500 + 65 Bonus) 2x Bonus First Top Up"\n
                       data-pack-discount="0.00"&gt;\n
                \n
                &lt;div class="SKU_type bg-white border-2 border-gray-200 rounded-lg p-4 hover:border-purple-500 transition-all"&gt;\n
                    &lt;div class="flex items-start gap-4"&gt;\n
                        &lt;!-- Image (empty space for PUBG Mobile, Honor of Kings, Blood Strike) --&gt;\n
                                                    &lt;!-- Other Games: Diamond Image --&gt;\n
                            &lt;div class="flex-shrink-0 w-12 h-12 flex items-center justify-center bg-gray-50 rounded-lg"&gt;\n
                                                                &lt;img src="http://localhost/storage/images_homepage/diaslarge.webp" \n
                                     alt="500 Diamonds" \n
                                     class="w-full h-full object-contain"\n
                                     style="display: block !important; width: 100% !important; height: 100% !important; object-fit: contain !important;"&gt;\n
                            &lt;/div&gt;\n
                                                \n
                        &lt;!-- Pack Info --&gt;\n
                        &lt;div class="flex-1 min-w-0"&gt;\n
                            &lt;div class="flex items-center justify-between mb-1"&gt;\n
                                &lt;h3 class="text-sm font-semibold text-gray-900"&gt;\n
                                                                                                                        500 Diamonds\n
                                                                                                            &lt;/h3&gt;\n
                                &lt;/h3&gt;\n
                                                                                            &lt;/div&gt;\n
                                                            &lt;p class="text-xs text-gray-600 mb-2"&gt;+ 65 Bonus Diamonds&lt;/p&gt;\n
                                                        &lt;div class="flex items-center justify-between"&gt;\n
                                                                                                &lt;span class="text-sm font-bold text-purple-600 pack-final-price" data-price-usd="119655.00" data-price-dzd="31110300" data-discount="0.00" data-pack-quantity="1"&gt;31,110,300 DZD&lt;/span&gt;\n
                            &lt;/div&gt;\n
                        &lt;/div&gt;\n
                    &lt;/div&gt;\n
                &lt;/div&gt;\n
            &lt;/label&gt;\n
                    &lt;label class="diamond-pack-item cursor-pointer"&gt;\n
                  &lt;input type="radio" \n
                       name="diamond_pack" \n
                       value="9" \n
                       class="hidden pack-radio"\n
                       \n
                       data-pack-id="9"\n
                      data-pack-quantity="1"\n
                       data-pack-diamonds="0"\n
                       data-pack-bonus="0"\n
                       data-pack-price="125095.00"\n
                       data-pack-price-usd="125095.00"\n
                       data-pack-price-dzd="32524700"\n
                       data-pack-name="Twilight Pass"\n
                       data-pack-discount="0.00"&gt;\n
                \n
                &lt;div class="SKU_type bg-white border-2 border-gray-200 rounded-lg p-4 hover:border-purple-500 transition-all"&gt;\n
                    &lt;div class="flex items-start gap-4"&gt;\n
                        &lt;!-- Image (empty space for PUBG Mobile, Honor of Kings, Blood Strike) --&gt;\n
                                                    &lt;!-- Other Games: Diamond Image --&gt;\n
                            &lt;div class="flex-shrink-0 w-12 h-12 flex items-center justify-center bg-gray-50 rounded-lg"&gt;\n
                                                                &lt;img src="http://localhost/storage/images_homepage/twlilightpass.jpg" \n
                                     alt="0 Diamonds" \n
                                     class="w-full h-full object-contain"\n
                                     style="display: block !important; width: 100% !important; height: 100% !important; object-fit: contain !important;"&gt;\n
                            &lt;/div&gt;\n
                                                \n
                        &lt;!-- Pack Info --&gt;\n
                        &lt;div class="flex-1 min-w-0"&gt;\n
                            &lt;div class="flex items-center justify-between mb-1"&gt;\n
                                &lt;h3 class="text-sm font-semibold text-gray-900"&gt;\n
                                                                                                                        Twilight Pass\n
                                                                                                            &lt;/h3&gt;\n
                                &lt;/h3&gt;\n
                                                                                            &lt;/div&gt;\n
                                                        &lt;div class="flex items-center justify-between"&gt;\n
                                                                                                &lt;span class="text-sm font-bold text-purple-600 pack-final-price" data-price-usd="125095.00" data-price-dzd="32524700" data-discount="0.00" data-pack-quantity="1"&gt;32,524,700 DZD&lt;/span&gt;\n
                            &lt;/div&gt;\n
                        &lt;/div&gt;\n
                    &lt;/div&gt;\n
                &lt;/div&gt;\n
            &lt;/label&gt;\n
                    &lt;label class="diamond-pack-item cursor-pointer"&gt;\n
                  &lt;input type="radio" \n
                       name="diamond_pack" \n
                       value="10" \n
                       class="hidden pack-radio"\n
                       \n
                       data-pack-id="10"\n
                      data-pack-quantity="1"\n
                       data-pack-diamonds="625"\n
                       data-pack-bonus="81"\n
                       data-pack-price="149181.00"\n
                       data-pack-price-usd="149181.00"\n
                       data-pack-price-dzd="38787060"\n
                       data-pack-name="706 Diamonds (625 + 81 Bonus)"\n
                       data-pack-discount="0.00"&gt;\n
                \n
                &lt;div class="SKU_type bg-white border-2 border-gray-200 rounded-lg p-4 hover:border-purple-500 transition-all"&gt;\n
                    &lt;div class="flex items-start gap-4"&gt;\n
                        &lt;!-- Image (empty space for PUBG Mobile, Honor of Kings, Blood Strike) --&gt;\n
                                                    &lt;!-- Other Games: Diamond Image --&gt;\n
                            &lt;div class="flex-shrink-0 w-12 h-12 flex items-center justify-center bg-gray-50 rounded-lg"&gt;\n
                                                                &lt;img src="http://localhost/storage/images_homepage/diaslarge.webp" \n
                                     alt="625 Diamonds" \n
                                     class="w-full h-full object-contain"\n
                                     style="display: block !important; width: 100% !important; height: 100% !important; object-fit: contain !important;"&gt;\n
                            &lt;/div&gt;\n
                                                \n
                        &lt;!-- Pack Info --&gt;\n
                        &lt;div class="flex-1 min-w-0"&gt;\n
                            &lt;div class="flex items-center justify-between mb-1"&gt;\n
                                &lt;h3 class="text-sm font-semibold text-gray-900"&gt;\n
                                                                                                                        625 Diamonds\n
                                                                                                            &lt;/h3&gt;\n
                                &lt;/h3&gt;\n
                                                                                            &lt;/div&gt;\n
                                                            &lt;p class="text-xs text-gray-600 mb-2"&gt;+ 81 Bonus Diamonds&lt;/p&gt;\n
                                                        &lt;div class="flex items-center justify-between"&gt;\n
[...]
                                &lt;svg class="w-4 h-4" fill="currentColor" viewBox="0 0 20 20"&gt;&lt;path d="M9.049 2.927c.3-.921 1.603-.921 1.902 0l1.07 3.292a1 1 0 00.95.69h3.462c.969 0 1.371 1.24.588 1.81l-2.8 2.034a1 1 0 00-.364 1.118l1.07 3.292c.3.921-.755 1.688-1.54 1.118l-2.8-2.034a1 1 0 00-1.175 0l-2.8 2.034c-.784.57-1.838-.197-1.539-1.118l1.07-3.292a1 1 0 00-.364-1.118L2.98 8.72c-.783-.57-.38-1.81.588-1.81h3.461a1 1 0 00.951-.69l1.07-3.292z"&gt;&lt;/path&gt;&lt;/svg&gt;\n
                                &lt;svg class="w-4 h-4" fill="currentColor" viewBox="0 0 20 20"&gt;&lt;path d="M9.049 2.927c.3-.921 1.603-.921 1.902 0l1.07 3.292a1 1 0 00.95.69h3.462c.969 0 1.371 1.24.588 1.81l-2.8 2.034a1 1 0 00-.364 1.118l1.07 3.292c.3.921-.755 1.688-1.54 1.118l-2.8-2.034a1 1 0 00-1.175 0l-2.8 2.034c-.784.57-1.838-.197-1.539-1.118l1.07-3.292a1 1 0 00-.364-1.118L2.98 8.72c-.783-.57-.38-1.81.588-1.81h3.461a1 1 0 00.951-.69l1.07-3.292z"&gt;&lt;/path&gt;&lt;/svg&gt;\n
                            &lt;/div&gt;\n
                            &lt;span class="text-sm font-semibold text-gray-900"&gt;Ahmed B.&lt;/span&gt;\n
                            &lt;span class="text-xs text-gray-500"&gt;2 days ago&lt;/span&gt;\n
                        &lt;/div&gt;\n
                        &lt;p class="text-sm text-gray-700"&gt;خدمة ممتازة! استلمت الماس بسرعة كبيرة. شكرا لكم&lt;/p&gt;\n
                    &lt;/div&gt;\n
                    \n
                    &lt;!-- Review 2 --&gt;\n
                    &lt;div class="bg-gray-50 border border-gray-200 rounded-lg p-4"&gt;\n
                        &lt;div class="flex items-center gap-2 mb-2"&gt;\n
                            &lt;div class="flex text-yellow-400"&gt;\n
                                &lt;svg class="w-4 h-4" fill="currentColor" viewBox="0 0 20 20"&gt;&lt;path d="M9.049 2.927c.3-.921 1.603-.921 1.902 0l1.07 3.292a1 1 0 00.95.69h3.462c.969 0 1.371 1.24.588 1.81l-2.8 2.034a1 1 0 00-.364 1.118l1.07 3.292c.3.921-.755 1.688-1.54 1.118l-2.8-2.034a1 1 0 00-1.175 0l-2.8 2.034c-.784.57-1.838-.197-1.539-1.118l1.07-3.292a1 1 0 00-.364-1.118L2.98 8.72c-.783-.57-.38-1.81.588-1.81h3.461a1 1 0 00.951-.69l1.07-3.292z"&gt;&lt;/path&gt;&lt;/svg&gt;\n
                                &lt;svg class="w-4 h-4" fill="currentColor" viewBox="0 0 20 20"&gt;&lt;path d="M9.049 2.927c.3-.921 1.603-.921 1.902 0l1.07 3.292a1 1 0 00.95.69h3.462c.969 0 1.371 1.24.588 1.81l-2.8 2.034a1 1 0 00-.364 1.118l1.07 3.292c.3.921-.755 1.688-1.54 1.118l-2.8-2.034a1 1 0 00-1.175 0l-2.8 2.034c-.784.57-1.838-.197-1.539-1.118l1.07-3.292a1 1 0 00-.364-1.118L2.98 8.72c-.783-.57-.38-1.81.588-1.81h3.461a1 1 0 00.951-.69l1.07-3.292z"&gt;&lt;/path&gt;&lt;/svg&gt;\n
                                &lt;svg class="w-4 h-4" fill="currentColor" viewBox="0 0 20 20"&gt;&lt;path d="M9.049 2.927c.3-.921 1.603-.921 1.902 0l1.07 3.292a1 1 0 00.95.69h3.462c.969 0 1.371 1.24.588 1.81l-2.8 2.034a1 1 0 00-.364 1.118l1.07 3.292c.3.921-.755 1.688-1.54 1.118l-2.8-2.034a1 1 0 00-1.175 0l-2.8 2.034c-.784.57-1.838-.197-1.539-1.118l1.07-3.292a1 1 0 00-.364-1.118L2.98 8.72c-.783-.57-.38-1.81.588-1.81h3.461a1 1 0 00.951-.69l1.07-3.292z"&gt;&lt;/path&gt;&lt;/svg&gt;\n
                                &lt;svg class="w-4 h-4" fill="currentColor" viewBox="0 0 20 20"&gt;&lt;path d="M9.049 2.927c.3-.921 1.603-.921 1.902 0l1.07 3.292a1 1 0 00.95.69h3.462c.969 0 1.371 1.24.588 1.81l-2.8 2.034a1 1 0 00-.364 1.118l1.07 3.292c.3.921-.755 1.688-1.54 1.118l-2.8-2.034a1 1 0 00-1.175 0l-2.8 2.034c-.784.57-1.838-.197-1.539-1.118l1.07-3.292a1 1 0 00-.364-1.118L2.98 8.72c-.783-.57-.38-1.81.588-1.81h3.461a1 1 0 00.951-.69l1.07-3.292z"&gt;&lt;/path&gt;&lt;/svg&gt;\n
                                &lt;svg class="w-4 h-4" fill="currentColor" viewBox="0 0 20 20"&gt;&lt;path d="M9.049 2.927c.3-.921 1.603-.921 1.902 0l1.07 3.292a1 1 0 00.95.69h3.462c.969 0 1.371 1.24.588 1.81l-2.8 2.034a1 1 0 00-.364 1.118l1.07 3.292c.3.921-.755 1.688-1.54 1.118l-2.8-2.034a1 1 0 00-1.175 0l-2.8 2.034c-.784.57-1.838-.197-1.539-1.118l1.07-3.292a1 1 0 00-.364-1.118L2.98 8.72c-.783-.57-.38-1.81.588-1.81h3.461a1 1 0 00.951-.69l1.07-3.292z"&gt;&lt;/path&gt;&lt;/svg&gt;\n
                            &lt;/div&gt;\n
                            &lt;span class="text-sm font-semibold text-gray-900"&gt;Fatima K.&lt;/span&gt;\n
                            &lt;span class="text-xs text-gray-500"&gt;5 days ago&lt;/span&gt;\n
                        &lt;/div&gt;\n
                        &lt;p class="text-sm text-gray-700"&gt;أفضل الأسعار في السوق! أنصحكم بهذه الخدمة. شكرا DiasZone&lt;/p&gt;\n
                    &lt;/div&gt;\n
                    \n
                    &lt;!-- Review 3 --&gt;\n
                    &lt;div class="bg-gray-50 border border-gray-200 rounded-lg p-4"&gt;\n
                        &lt;div class="flex items-center gap-2 mb-2"&gt;\n
                            &lt;div class="flex text-yellow-400"&gt;\n
                                &lt;svg class="w-4 h-4" fill="currentColor" viewBox="0 0 20 20"&gt;&lt;path d="M9.049 2.927c.3-.921 1.603-.921 1.902 0l1.07 3.292a1 1 0 00.95.69h3.462c.969 0 1.371 1.24.588 1.81l-2.8 2.034a1 1 0 00-.364 1.118l1.07 3.292c.3.921-.755 1.688-1.54 1.118l-2.8-2.034a1 1 0 00-1.175 0l-2.8 2.034c-.784.57-1.838-.197-1.539-1.118l1.07-3.292a1 1 0 00-.364-1.118L2.98 8.72c-.783-.57-.38-1.81.588-1.81h3.461a1 1 0 00.951-.69l1.07-3.292z"&gt;&lt;/path&gt;&lt;/svg&gt;\n
                                &lt;svg class="w-4 h-4" fill="currentColor" viewBox="0 0 20 20"&gt;&lt;path d="M9.049 2.927c.3-.921 1.603-.921 1.902 0l1.07 3.292a1 1 0 00.95.69h3.462c.969 0 1.371 1.24.588 1.81l-2.8 2.034a1 1 0 00-.364 1.118l1.07 3.292c.3.921-.755 1.688-1.54 1.118l-2.8-2.034a1 1 0 00-1.175 0l-2.8 2.034c-.784.57-1.838-.197-1.539-1.118l1.07-3.292a1 1 0 00-.364-1.118L2.98 8.72c-.783-.57-.38-1.81.588-1.81h3.461a1 1 0 00.951-.69l1.07-3.292z"&gt;&lt;/path&gt;&lt;/svg&gt;\n
                                &lt;svg class="w-4 h-4" fill="currentColor" viewBox="0 0 20 20"&gt;&lt;path d="M9.049 2.927c.3-.921 1.603-.921 1.902 0l1.07 3.292a1 1 0 00.95.69h3.462c.969 0 1.371 1.24.588 1.81l-2.8 2.034a1 1 0 00-.364 1.118l1.07 3.292c.3.921-.755 1.688-1.54 1.118l-2.8-2.034a1 1 0 00-1.175 0l-2.8 2.034c-.784.57-1.838-.197-1.539-1.118l1.07-3.292a1 1 0 00-.364-1.118L2.98 8.72c-.783-.57-.38-1.81.588-1.81h3.461a1 1 0 00.951-.69l1.07-3.292z"&gt;&lt;/path&gt;&lt;/svg&gt;\n
                                &lt;svg class="w-4 h-4" fill="currentColor" viewBox="0 0 20 20"&gt;&lt;path d="M9.049 2.927c.3-.921 1.603-.921 1.902 0l1.07 3.292a1 1 0 00.95.69h3.462c.969 0 1.371 1.24.588 1.81l-2.8 2.034a1 1 0 00-.364 1.118l1.07 3.292c.3.921-.755 1.688-1.54 1.118l-2.8-2.034a1 1 0 00-1.175 0l-2.8 2.034c-.784.57-1.838-.197-1.539-1.118l1.07-3.292a1 1 0 00-.364-1.118L2.98 8.72c-.783-.57-.38-1.81.588-1.81h3.461a1 1 0 00.951-.69l1.07-3.292z"&gt;&lt;/path&gt;&lt;/svg&gt;\n
                                &lt;svg class="w-4 h-4" fill="currentColor" viewBox="0 0 20 20"&gt;&lt;path d="M9.049 2.927c.3-.921 1.603-.921 1.902 0l1.07 3.292a1 1 0 00.95.69h3.462c.969 0 1.371 1.24.588 1.81l-2.8 2.034a1 1 0 00-.364 1.118l1.07 3.292c.3.921-.755 1.688-1.54 1.118l-2.8-2.034a1 1 0 00-1.175 0l-2.8 2.034c-.784.57-1.838-.197-1.539-1.118l1.07-3.292a1 1 0 00-.364-1.118L2.98 8.72c-.783-.57-.38-1.81.588-1.81h3.461a1 1 0 00.951-.69l1.07-3.292z"&gt;&lt;/path&gt;&lt;/svg&gt;\n
                            &lt;/div&gt;\n
                            &lt;span class="text-sm font-semibold text-gray-900"&gt;Karim M.&lt;/span&gt;\n
                            &lt;span class="text-xs text-gray-500"&gt;1 week ago&lt;/span&gt;\n
                        &lt;/div&gt;\n
                        &lt;p class="text-sm text-gray-700"&gt;عملية سلسة والدعم ممتاز. راح نرجع نستعملو مرة أخرى إن شاء الله&lt;/p&gt;\n
                    &lt;/div&gt;\n
                &lt;/div&gt;\n
                \n
                &lt;!-- Review Form --&gt;\n
                &lt;div id="review-form-container" class="bg-white border-2 border-purple-200 rounded-lg p-6"&gt;\n
                    &lt;h4 class="text-lg font-bold text-gray-900 mb-4"&gt;Write a Review&lt;/h4&gt;\n
                    &lt;form id="review-form" class="space-y-4"&gt;\n
                        &lt;div&gt;\n
                            &lt;label class="block text-sm font-medium text-gray-700 mb-2"&gt;Your Name&lt;/label&gt;\n
                            &lt;input type="text" \n
                                   id="review-name"\n
                                   required\n
                                   class="w-full px-4 py-2 border border-gray-300 rounded-lg focus:ring-2 focus:ring-purple-500 focus:border-purple-500 text-sm"&gt;\n
                        &lt;/div&gt;\n
                        \n
                        &lt;div&gt;\n
                            &lt;label class="block text-sm font-medium text-gray-700 mb-2"&gt;Rating&lt;/label&gt;\n
                            &lt;div id="rating-stars" class="flex gap-1"&gt;\n
                                &lt;svg class="rating-star w-6 h-6 text-gray-300 cursor-pointer" data-rating="1" fill="currentColor" viewBox="0 0 20 20"&gt;&lt;path d="M9.049 2.927c.3-.921 1.603-.921 1.902 0l1.07 3.292a1 1 0 00.95.69h3.462c.969 0 1.371 1.24.588 1.81l-2.8 2.034a1 1 0 00-.364 1.118l1.07 3.292c.3.921-.755 1.688-1.54 1.118l-2.8-2.034a1 1 0 00-1.175 0l-2.8 2.034c-.784.57-1.838-.197-1.539-1.118l1.07-3.292a1 1 0 00-.364-1.118L2.98 8.72c-.783-.57-.38-1.81.588-1.81h3.461a1 1 0 00.951-.69l1.07-3.292z"&gt;&lt;/path&gt;&lt;/svg&gt;\n
                                &lt;svg class="rating-star w-6 h-6 text-gray-300 cursor-pointer" data-rating="2" fill="currentColor" viewBox="0 0 20 20"&gt;&lt;path d="M9.049 2.927c.3-.921 1.603-.921 1.902 0l1.07 3.292a1 1 0 00.95.69h3.462c.969 0 1.371 1.24.588 1.81l-2.8 2.034a1 1 0 00-.364 1.118l1.07 3.292c.3.921-.755 1.688-1.54 1.118l-2.8-2.034a1 1 0 00-1.175 0l-2.8 2.034c-.784.57-1.838-.197-1.539-1.118l1.07-3.292a1 1 0 00-.364-1.118L2.98 8.72c-.783-.57-.38-1.81.588-1.81h3.461a1 1 0 00.951-.69l1.07-3.292z"&gt;&lt;/path&gt;&lt;/svg&gt;\n
                                &lt;svg class="rating-star w-6 h-6 text-gray-300 cursor-pointer" data-rating="3" fill="currentColor" viewBox="0 0 20 20"&gt;&lt;path d="M9.049 2.927c.3-.921 1.603-.921 1.902 0l1.07 3.292a1 1 0 00.95.69h3.462c.969 0 1.371 1.24.588 1.81l-2.8 2.034a1 1 0 00-.364 1.118l1.07 3.292c.3.921-.755 1.688-1.54 1.118l-2.8-2.034a1 1 0 00-1.175 0l-2.8 2.034c-.784.57-1.838-.197-1.539-1.118l1.07-3.292a1 1 0 00-.364-1.118L2.98 8.72c-.783-.57-.38-1.81.588-1.81h3.461a1 1 0 00.951-.69l1.07-3.292z"&gt;&lt;/path&gt;&lt;/svg&gt;\n
                                &lt;svg class="rating-star w-6 h-6 text-gray-300 cursor-pointer" data-rating="4" fill="currentColor" viewBox="0 0 20 20"&gt;&lt;path d="M9.049 2.927c.3-.921 1.603-.921 1.902 0l1.07 3.292a1 1 0 00.95.69h3.462c.969 0 1.371 1.24.588 1.81l-2.8 2.034a1 1 0 00-.364 1.118l1.07 3.292c.3.921-.755 1.688-1.54 1.118l-2.8-2.034a1 1 0 00-1.175 0l-2.8 2.034c-.784.57-1.838-.197-1.539-1.118l1.07-3.292a1 1 0 00-.364-1.118L2.98 8.72c-.783-.57-.38-1.81.588-1.81h3.461a1 1 0 00.951-.69l1.07-3.292z"&gt;&lt;/path&gt;&lt;/svg&gt;\n
                                &lt;svg class="rating-star w-6 h-6 text-gray-300 cursor-pointer" data-rating="5" fill="currentColor" viewBox="0 0 20 20"&gt;&lt;path d="M9.049 2.927c.3-.921 1.603-.921 1.902 0l1.07 3.292a1 1 0 00.95.69h3.462c.969 0 1.371 1.24.588 1.81l-2.8 2.034a1 1 0 00-.364 1.118l1.07 3.292c.3.921-.755 1.688-1.54 1.118l-2.8-2.034a1 1 0 00-1.175 0l-2.8 2.034c-.784.57-1.838-.197-1.539-1.118l1.07-3.292a1 1 0 00-.364-1.118L2.98 8.72c-.783-.57-.38-1.81.588-1.81h3.461a1 1 0 00.951-.69l1.07-3.292z"&gt;&lt;/path&gt;&lt;/svg&gt;\n
                            &lt;/div&gt;\n
                            &lt;input type="hidden" id="review-rating" value="0"&gt;\n
                        &lt;/div&gt;\n
                        \n
                        &lt;div&gt;\n
                            &lt;label class="block text-sm font-medium text-gray-700 mb-2"&gt;Your Review&lt;/label&gt;\n
                            &lt;textarea id="review-comment"\n
                                      rows="4"\n
                                      required\n
                                      class="w-full px-4 py-2 border border-gray-300 rounded-lg focus:ring-2 focus:ring-purple-500 focus:border-purple-500 text-sm resize-none"&gt;&lt;/textarea&gt;\n
                        &lt;/div&gt;\n
                        \n
                        &lt;button type="submit" \n
                                class="w-full bg-purple-600 hover:bg-purple-700 text-white font-semibold py-2.5 px-6 rounded-lg transition-colors"&gt;\n
                            Submit Review\n
                        &lt;/button&gt;\n
                    &lt;/form&gt;\n
                &lt;/div&gt;\n
            &lt;/div&gt;\n
                    &lt;/div&gt;\n
    &lt;/div&gt;\n
&lt;/div&gt;\n
        &lt;/main&gt;\n
        \n
        &lt;!-- Footer --&gt;\n
                    &lt;footer class="bg-gray-900 text-gray-300 pt-8 pb-6"&gt;\n
    &lt;div class="container mx-auto px-4"&gt;\n
        &lt;div class="grid grid-cols-1 md:grid-cols-4 gap-8 mb-6"&gt;\n
            &lt;!-- About --&gt;\n
            &lt;div&gt;\n
                &lt;h3 class="text-white font-bold text-lg mb-4"&gt;footer.about_section&lt;/h3&gt;\n
                &lt;p class="text-sm text-gray-400"&gt;footer.about_description&lt;/p&gt;\n
            &lt;/div&gt;\n
            \n
            &lt;!-- Quick Links --&gt;\n
            &lt;div&gt;\n
                &lt;h4 class="text-white font-semibold mb-4"&gt;footer.quick_links&lt;/h4&gt;\n
                &lt;ul class="space-y-2 text-sm"&gt;\n
                    &lt;li&gt;&lt;a href="http://localhost" class="hover:text-purple-400 transition-colors"&gt;nav.home&lt;/a&gt;&lt;/li&gt;\n
                    &lt;li&gt;&lt;a href="http://localhost/dashboard/orders" class="hover:text-purple-400 transition-colors"&gt;nav.my_orders&lt;/a&gt;&lt;/li&gt;\n
                    &lt;li&gt;&lt;a href="#" class="hover:text-purple-400 transition-colors"&gt;footer.support&lt;/a&gt;&lt;/li&gt;\n
                    &lt;li&gt;&lt;a href="#" class="hover:text-purple-400 transition-colors"&gt;footer.faq&lt;/a&gt;&lt;/li&gt;\n
                &lt;/ul&gt;\n
            &lt;/div&gt;\n
            \n
            &lt;!-- Support --&gt;\n
            &lt;div&gt;\n
                &lt;h4 class="text-white font-semibold mb-4"&gt;footer.support&lt;/h4&gt;\n
                &lt;ul class="space-y-2 text-sm"&gt;\n
                    &lt;li&gt;&lt;a href="http://localhost/contact" class="hover:text-purple-400 transition-colors"&gt;footer.contact_us&lt;/a&gt;&lt;/li&gt;\n
                    &lt;li&gt;&lt;a href="http://localhost/terms-of-use" class="hover:text-purple-400 transition-colors"&gt;footer.terms_of_use&lt;/a&gt;&lt;/li&gt;\n
                    &lt;li&gt;&lt;a href="http://localhost/privacy-policy" class="hover:text-purple-400 transition-colors"&gt;footer.privacy_policy&lt;/a&gt;&lt;/li&gt;\n
                    &lt;li&gt;&lt;a href="#" class="hover:text-purple-400 transition-colors"&gt;footer.refund_policy&lt;/a&gt;&lt;/li&gt;\n
                &lt;/ul&gt;\n
            &lt;/div&gt;\n
            \n
            &lt;!-- Contact --&gt;\n
            &lt;div&gt;\n
                &lt;h4 class="text-white font-semibold mb-4"&gt;footer.contact&lt;/h4&gt;\n
                &lt;ul class="space-y-2 text-sm"&gt;\n
                    &lt;li class="flex items-center gap-2"&gt;\n
                        &lt;svg class="w-4 h-4" fill="none" stroke="currentColor" viewBox="0 0 24 24"&gt;\n
                            &lt;path stroke-linecap="round" stroke-linejoin="round" stroke-width="2" d="M3 8l7.89 5.26a2 2 0 002.22 0L21 8M5 19h14a2 2 0 002-2V7a2 2 0 00-2-2H5a2 2 0 00-2 2v10a2 2 0 002 2z"&gt;&lt;/path&gt;\n
                        &lt;/svg&gt;\n
                        &lt;span&gt;footer.email_support&lt;/span&gt;\n
                    &lt;/li&gt;\n
                &lt;/ul&gt;\n
            &lt;/div&gt;\n
        &lt;/div&gt;\n
        \n
        &lt;div class="border-t border-gray-800 pt-6 text-center text-sm text-gray-400"&gt;\n
            &lt;p&gt;&amp;copy; 2025 footer.copyright&lt;/p&gt;\n
        &lt;/div&gt;\n
    &lt;/div&gt;\n
&lt;/footer&gt;\n
\n
\n
            &lt;/div&gt;\n
    \n
    &lt;div id="whatsapp-fab" aria-hidden="false"&gt;\r\n
    &lt;style&gt;\r\n
        /* WhatsApp FAB - site-wide */\r\n
        #whatsapp-fab { position: fixed; right: 20px; bottom: 20px; z-index: 9999; }\r\n
        .whatsapp-fab-button { display: inline-flex; align-items: center; justify-content: center; width: 56px; height: 56px; border-radius: 999px; background: linear-gradient(135deg, #25D366 0%, #128C7E 100%); box-shadow: 0 8px 24px rgba(18,140,126,0.2); cursor: pointer; border: none; }\r\n
        .whatsapp-fab-button:focus { outline: 2px solid rgba(255,255,255,0.28); outline-offset: 2px; }\r\n
        .whatsapp-fab-icon { width: 24px; height: 24px; color: #fff; }\r\n
        .whatsapp-fab-label { margin-left: 10px; background: #0b9449; color: #fff; padding: 6px 12px; border-radius: 999px; font-weight: 600; display: none; align-items: center; gap:8px; }\r\n
        @media (min-width: 768px) {\r\n
            .whatsapp-fab-label { display: inline-flex; }\r\n
        }\r\n
        /* subtle floating animation */\r\n
        .whatsapp-fab-button { animation: wobble 6s infinite; }\r\n
        @keyframes wobble { 0%,100%{ transform: translateY(0);} 50%{ transform: translateY(-3px);} }\r\n
    &lt;/style&gt;\r\n
\r\n
    &lt;a id="whatsapp-fab-link" href="https://wa.me/213556988175" target="_blank" rel="noopener noreferrer" aria-label="Contact us on WhatsApp +213556988175" class="whatsapp-fab-link" onclick="window.dataLayer &amp;&amp; window.dataLayer.push({event:'whatsapp_click'});"&gt;\r\n
        &lt;button class="whatsapp-fab-button" type="button" id="whatsapp-fab-btn" aria-pressed="false"&gt;\r\n
            &lt;svg class="whatsapp-fab-icon" xmlns="http://www.w3.org/2000/svg" viewBox="0 0 24 24" fill="currentColor" aria-hidden="true"&gt;&lt;path d="M20.52 3.48A11.92 11.92 0 0012.02.02h-.01C5.43.02.25 5.2.25 11.79c0 2.08.55 4.12 1.6 5.92L.05 23.95l6.4-1.7c1.7 1 3.67 1.52 5.7 1.52h.01c6.59 0 11.78-5.18 11.78-11.78 0-3.15-1.23-6.09-3.42-8.01zM12.02 20.87c-1.85 0-3.66-.5-5.23-1.44l-.37-.22-3.9 1.03 1.04-3.82-.24-.39c-1.03-1.69-1.6-3.61-1.6-5.58 0-5.03 4.09-9.12 9.12-9.12 2.44 0 4.72.95 6.44 2.67 1.72 1.72 2.67 4 2.67 6.44 0 5.03-4.09 9.12-9.12 9.12z"/&gt;&lt;/svg&gt;\r\n
        &lt;/button&gt;\r\n
    &lt;/a&gt;\r\n
\r\n
    &lt;script&gt;\r\n
        // Accessibility: keyboard open of WhatsApp link\r\n
        document.getElementById('whatsapp-fab-btn')?.addEventListener('keydown', function(e){\r\n
            if (e.key === 'Enter' || e.key === ' ') {\r\n
                e.preventDefault();\r\n
                document.getElementById('whatsapp-fab-link').click();\r\n
            }\r\n
        });\r\n
    &lt;/script&gt;\r\n
&lt;/div&gt;\r\n
                &lt;!-- No real-time or polling scripts — order status is authoritative on the server and is changed only by webhooks. Clients should refresh to see updates. --&gt;\n
&lt;/body&gt;\n
&lt;/html&gt;\n
\n
\n
' matches PCRE pattern "/&lt;span[^&gt;]+class="[^"]*bg-blue-600[^"]*"[^&gt;]*&gt;\s*3[^&lt;]*Weekly Pass\s*&lt;\/span&gt;/iu".
&#13;
C:\diaszone\DiasZone\tests\Feature\WeeklyPassUiAndOrderTest.php:26</failure>
        </testcase>
      </testsuite>
    </testsuite>
  </testsuite>
</testsuites>
